[   31910ms] [ERROR] Failed to load resource: the server responded with a status of 500 (Internal Server Error) @ http://localhost:3000/scraping:0
[   31928ms] Error: ErrorEvent
    at resolveErrorDev (http://localhost:3000/_next/static/chunks/ddd51_next_dist_compiled_react-server-dom-turbopack_b56a6fc6._.js:1894:106)
    at processFullStringRow (http://localhost:3000/_next/static/chunks/ddd51_next_dist_compiled_react-server-dom-turbopack_b56a6fc6._.js:2402:29)
    at processFullBinaryRow (http://localhost:3000/_next/static/chunks/ddd51_next_dist_compiled_react-server-dom-turbopack_b56a6fc6._.js:2361:9)
    at processBinaryChunk (http://localhost:3000/_next/static/chunks/ddd51_next_dist_compiled_react-server-dom-turbopack_b56a6fc6._.js:2470:221)
    at progress (http://localhost:3000/_next/static/chunks/ddd51_next_dist_compiled_react-server-dom-turbopack_b56a6fc6._.js:2640:13)
[   33493ms] [ERROR] %o

%s Error: ErrorEvent
    at resolveErrorDev (http://localhost:3000/_next/static/chunks/ddd51_next_dist_compiled_react-server-dom-turbopack_b56a6fc6._.js:1894:148)
    at processFullStringRow (http://localhost:3000/_next/static/chunks/ddd51_next_dist_compiled_react-server-dom-turbopack_b56a6fc6._.js:2402:29)
    at processFullBinaryRow (http://localhost:3000/_next/static/chunks/ddd51_next_dist_compiled_react-server-dom-turbopack_b56a6fc6._.js:2361:9)
    at processBinaryChunk (http://localhost:3000/_next/static/chunks/ddd51_next_dist_compiled_react-server-dom-turbopack_b56a6fc6._.js:2470:221)
    at progress (http://localhost:3000/_next/static/chunks/ddd51_next_dist_compiled_react-server-dom-turbopack_b56a6fc6._.js:2640:13) The above error occurred in the <LeadsPage> component. It was handled by the <ErrorBoundaryHandler> error boundary. @ http://localhost:3000/_next/static/chunks/ddd51_next_dist_client_004b7a95._.js:1342
[   33497ms] [ERROR] Error: ErrorEvent
    at resolveErrorDev (http://localhost:3000/_next/static/chunks/ddd51_next_dist_compiled_react-server-dom-turbopack_b56a6fc6._.js:1894:148)
    at processFullStringRow (http://localhost:3000/_next/static/chunks/ddd51_next_dist_compiled_react-server-dom-turbopack_b56a6fc6._.js:2402:29)
    at processFullBinaryRow (http://localhost:3000/_next/static/chunks/ddd51_next_dist_compiled_react-server-dom-turbopack_b56a6fc6._.js:2361:9)
    at processBinaryChunk (http://localhost:3000/_next/static/chunks/ddd51_next_dist_compiled_react-server-dom-turbopack_b56a6fc6._.js:2470:221)
    at progress (http://localhost:3000/_next/static/chunks/ddd51_next_dist_compiled_react-server-dom-turbopack_b56a6fc6._.js:2640:13) @ http://localhost:3000/_next/static/chunks/ddd51_next_dist_c882c940._.js:3127
[   33498ms] [ERROR] Error: ErrorEvent
    at resolveErrorDev (http://localhost:3000/_next/static/chunks/ddd51_next_dist_compiled_react-server-dom-turbopack_b56a6fc6._.js:1894:148)
    at processFullStringRow (http://localhost:3000/_next/static/chunks/ddd51_next_dist_compiled_react-server-dom-turbopack_b56a6fc6._.js:2402:29)
    at processFullBinaryRow (http://localhost:3000/_next/static/chunks/ddd51_next_dist_compiled_react-server-dom-turbopack_b56a6fc6._.js:2361:9)
    at processBinaryChunk (http://localhost:3000/_next/static/chunks/ddd51_next_dist_compiled_react-server-dom-turbopack_b56a6fc6._.js:2470:221)
    at progress (http://localhost:3000/_next/static/chunks/ddd51_next_dist_compiled_react-server-dom-turbopack_b56a6fc6._.js:2640:13) @ http://localhost:3000/_next/static/chunks/ddd51_next_dist_c882c940._.js:3127
[   39516ms] [ERROR] %o

%s Error: ErrorEvent
    at resolveErrorDev (http://localhost:3000/_next/static/chunks/ddd51_next_dist_compiled_react-server-dom-turbopack_b56a6fc6._.js:1894:148)
    at processFullStringRow (http://localhost:3000/_next/static/chunks/ddd51_next_dist_compiled_react-server-dom-turbopack_b56a6fc6._.js:2402:29)
    at processFullBinaryRow (http://localhost:3000/_next/static/chunks/ddd51_next_dist_compiled_react-server-dom-turbopack_b56a6fc6._.js:2361:9)
    at processBinaryChunk (http://localhost:3000/_next/static/chunks/ddd51_next_dist_compiled_react-server-dom-turbopack_b56a6fc6._.js:2470:221)
    at progress (http://localhost:3000/_next/static/chunks/ddd51_next_dist_compiled_react-server-dom-turbopack_b56a6fc6._.js:2640:13) The above error occurred in the <LeadsPage> component. It was handled by the <ErrorBoundaryHandler> error boundary. @ http://localhost:3000/_next/static/chunks/ddd51_next_dist_client_004b7a95._.js:1342
[   39517ms] [ERROR] Error: ErrorEvent
    at resolveErrorDev (http://localhost:3000/_next/static/chunks/ddd51_next_dist_compiled_react-server-dom-turbopack_b56a6fc6._.js:1894:148)
    at processFullStringRow (http://localhost:3000/_next/static/chunks/ddd51_next_dist_compiled_react-server-dom-turbopack_b56a6fc6._.js:2402:29)
    at processFullBinaryRow (http://localhost:3000/_next/static/chunks/ddd51_next_dist_compiled_react-server-dom-turbopack_b56a6fc6._.js:2361:9)
    at processBinaryChunk (http://localhost:3000/_next/static/chunks/ddd51_next_dist_compiled_react-server-dom-turbopack_b56a6fc6._.js:2470:221)
    at progress (http://localhost:3000/_next/static/chunks/ddd51_next_dist_compiled_react-server-dom-turbopack_b56a6fc6._.js:2640:13) @ http://localhost:3000/_next/static/chunks/ddd51_next_dist_c882c940._.js:3127
[   39517ms] [ERROR] Error: ErrorEvent
    at resolveErrorDev (http://localhost:3000/_next/static/chunks/ddd51_next_dist_compiled_react-server-dom-turbopack_b56a6fc6._.js:1894:148)
    at processFullStringRow (http://localhost:3000/_next/static/chunks/ddd51_next_dist_compiled_react-server-dom-turbopack_b56a6fc6._.js:2402:29)
    at processFullBinaryRow (http://localhost:3000/_next/static/chunks/ddd51_next_dist_compiled_react-server-dom-turbopack_b56a6fc6._.js:2361:9)
    at processBinaryChunk (http://localhost:3000/_next/static/chunks/ddd51_next_dist_compiled_react-server-dom-turbopack_b56a6fc6._.js:2470:221)
    at progress (http://localhost:3000/_next/static/chunks/ddd51_next_dist_compiled_react-server-dom-turbopack_b56a6fc6._.js:2640:13) @ http://localhost:3000/_next/static/chunks/ddd51_next_dist_c882c940._.js:3127
[   40289ms] [ERROR] %o

%s Error: ErrorEvent
    at resolveErrorDev (http://localhost:3000/_next/static/chunks/ddd51_next_dist_compiled_react-server-dom-turbopack_b56a6fc6._.js:1894:148)
    at processFullStringRow (http://localhost:3000/_next/static/chunks/ddd51_next_dist_compiled_react-server-dom-turbopack_b56a6fc6._.js:2402:29)
    at processFullBinaryRow (http://localhost:3000/_next/static/chunks/ddd51_next_dist_compiled_react-server-dom-turbopack_b56a6fc6._.js:2361:9)
    at processBinaryChunk (http://localhost:3000/_next/static/chunks/ddd51_next_dist_compiled_react-server-dom-turbopack_b56a6fc6._.js:2470:221)
    at progress (http://localhost:3000/_next/static/chunks/ddd51_next_dist_compiled_react-server-dom-turbopack_b56a6fc6._.js:2640:13) The above error occurred in the <LeadsPage> component. It was handled by the <ErrorBoundaryHandler> error boundary. @ http://localhost:3000/_next/static/chunks/ddd51_next_dist_client_004b7a95._.js:1342
[   40290ms] [ERROR] Error: ErrorEvent
    at resolveErrorDev (http://localhost:3000/_next/static/chunks/ddd51_next_dist_compiled_react-server-dom-turbopack_b56a6fc6._.js:1894:148)
    at processFullStringRow (http://localhost:3000/_next/static/chunks/ddd51_next_dist_compiled_react-server-dom-turbopack_b56a6fc6._.js:2402:29)
    at processFullBinaryRow (http://localhost:3000/_next/static/chunks/ddd51_next_dist_compiled_react-server-dom-turbopack_b56a6fc6._.js:2361:9)
    at processBinaryChunk (http://localhost:3000/_next/static/chunks/ddd51_next_dist_compiled_react-server-dom-turbopack_b56a6fc6._.js:2470:221)
    at progress (http://localhost:3000/_next/static/chunks/ddd51_next_dist_compiled_react-server-dom-turbopack_b56a6fc6._.js:2640:13) @ http://localhost:3000/_next/static/chunks/ddd51_next_dist_c882c940._.js:3127
[   40290ms] [ERROR] Error: ErrorEvent
    at resolveErrorDev (http://localhost:3000/_next/static/chunks/ddd51_next_dist_compiled_react-server-dom-turbopack_b56a6fc6._.js:1894:148)
    at processFullStringRow (http://localhost:3000/_next/static/chunks/ddd51_next_dist_compiled_react-server-dom-turbopack_b56a6fc6._.js:2402:29)
    at processFullBinaryRow (http://localhost:3000/_next/static/chunks/ddd51_next_dist_compiled_react-server-dom-turbopack_b56a6fc6._.js:2361:9)
    at processBinaryChunk (http://localhost:3000/_next/static/chunks/ddd51_next_dist_compiled_react-server-dom-turbopack_b56a6fc6._.js:2470:221)
    at progress (http://localhost:3000/_next/static/chunks/ddd51_next_dist_compiled_react-server-dom-turbopack_b56a6fc6._.js:2640:13) @ http://localhost:3000/_next/static/chunks/ddd51_next_dist_c882c940._.js:3127
[   40441ms] [ERROR] %o

%s Error: ErrorEvent
    at resolveErrorDev (http://localhost:3000/_next/static/chunks/ddd51_next_dist_compiled_react-server-dom-turbopack_b56a6fc6._.js:1894:148)
    at processFullStringRow (http://localhost:3000/_next/static/chunks/ddd51_next_dist_compiled_react-server-dom-turbopack_b56a6fc6._.js:2402:29)
    at processFullBinaryRow (http://localhost:3000/_next/static/chunks/ddd51_next_dist_compiled_react-server-dom-turbopack_b56a6fc6._.js:2361:9)
    at processBinaryChunk (http://localhost:3000/_next/static/chunks/ddd51_next_dist_compiled_react-server-dom-turbopack_b56a6fc6._.js:2470:221)
    at progress (http://localhost:3000/_next/static/chunks/ddd51_next_dist_compiled_react-server-dom-turbopack_b56a6fc6._.js:2640:13) The above error occurred in the <LeadsPage> component. It was handled by the <ErrorBoundaryHandler> error boundary. @ http://localhost:3000/_next/static/chunks/ddd51_next_dist_client_004b7a95._.js:1342
[   40442ms] [ERROR] Error: ErrorEvent
    at resolveErrorDev (http://localhost:3000/_next/static/chunks/ddd51_next_dist_compiled_react-server-dom-turbopack_b56a6fc6._.js:1894:148)
    at processFullStringRow (http://localhost:3000/_next/static/chunks/ddd51_next_dist_compiled_react-server-dom-turbopack_b56a6fc6._.js:2402:29)
    at processFullBinaryRow (http://localhost:3000/_next/static/chunks/ddd51_next_dist_compiled_react-server-dom-turbopack_b56a6fc6._.js:2361:9)
    at processBinaryChunk (http://localhost:3000/_next/static/chunks/ddd51_next_dist_compiled_react-server-dom-turbopack_b56a6fc6._.js:2470:221)
    at progress (http://localhost:3000/_next/static/chunks/ddd51_next_dist_compiled_react-server-dom-turbopack_b56a6fc6._.js:2640:13) @ http://localhost:3000/_next/static/chunks/ddd51_next_dist_c882c940._.js:3127
[   40442ms] [ERROR] Error: ErrorEvent
    at resolveErrorDev (http://localhost:3000/_next/static/chunks/ddd51_next_dist_compiled_react-server-dom-turbopack_b56a6fc6._.js:1894:148)
    at processFullStringRow (http://localhost:3000/_next/static/chunks/ddd51_next_dist_compiled_react-server-dom-turbopack_b56a6fc6._.js:2402:29)
    at processFullBinaryRow (http://localhost:3000/_next/static/chunks/ddd51_next_dist_compiled_react-server-dom-turbopack_b56a6fc6._.js:2361:9)
    at processBinaryChunk (http://localhost:3000/_next/static/chunks/ddd51_next_dist_compiled_react-server-dom-turbopack_b56a6fc6._.js:2470:221)
    at progress (http://localhost:3000/_next/static/chunks/ddd51_next_dist_compiled_react-server-dom-turbopack_b56a6fc6._.js:2640:13) @ http://localhost:3000/_next/static/chunks/ddd51_next_dist_c882c940._.js:3127
[   40593ms] [ERROR] %o

%s Error: ErrorEvent
    at resolveErrorDev (http://localhost:3000/_next/static/chunks/ddd51_next_dist_compiled_react-server-dom-turbopack_b56a6fc6._.js:1894:148)
    at processFullStringRow (http://localhost:3000/_next/static/chunks/ddd51_next_dist_compiled_react-server-dom-turbopack_b56a6fc6._.js:2402:29)
    at processFullBinaryRow (http://localhost:3000/_next/static/chunks/ddd51_next_dist_compiled_react-server-dom-turbopack_b56a6fc6._.js:2361:9)
    at processBinaryChunk (http://localhost:3000/_next/static/chunks/ddd51_next_dist_compiled_react-server-dom-turbopack_b56a6fc6._.js:2470:221)
    at progress (http://localhost:3000/_next/static/chunks/ddd51_next_dist_compiled_react-server-dom-turbopack_b56a6fc6._.js:2640:13) The above error occurred in the <LeadsPage> component. It was handled by the <ErrorBoundaryHandler> error boundary. @ http://localhost:3000/_next/static/chunks/ddd51_next_dist_client_004b7a95._.js:1342
[   40594ms] [ERROR] Error: ErrorEvent
    at resolveErrorDev (http://localhost:3000/_next/static/chunks/ddd51_next_dist_compiled_react-server-dom-turbopack_b56a6fc6._.js:1894:148)
    at processFullStringRow (http://localhost:3000/_next/static/chunks/ddd51_next_dist_compiled_react-server-dom-turbopack_b56a6fc6._.js:2402:29)
    at processFullBinaryRow (http://localhost:3000/_next/static/chunks/ddd51_next_dist_compiled_react-server-dom-turbopack_b56a6fc6._.js:2361:9)
    at processBinaryChunk (http://localhost:3000/_next/static/chunks/ddd51_next_dist_compiled_react-server-dom-turbopack_b56a6fc6._.js:2470:221)
    at progress (http://localhost:3000/_next/static/chunks/ddd51_next_dist_compiled_react-server-dom-turbopack_b56a6fc6._.js:2640:13) @ http://localhost:3000/_next/static/chunks/ddd51_next_dist_c882c940._.js:3127
[   40594ms] [ERROR] Error: ErrorEvent
    at resolveErrorDev (http://localhost:3000/_next/static/chunks/ddd51_next_dist_compiled_react-server-dom-turbopack_b56a6fc6._.js:1894:148)
    at processFullStringRow (http://localhost:3000/_next/static/chunks/ddd51_next_dist_compiled_react-server-dom-turbopack_b56a6fc6._.js:2402:29)
    at processFullBinaryRow (http://localhost:3000/_next/static/chunks/ddd51_next_dist_compiled_react-server-dom-turbopack_b56a6fc6._.js:2361:9)
    at processBinaryChunk (http://localhost:3000/_next/static/chunks/ddd51_next_dist_compiled_react-server-dom-turbopack_b56a6fc6._.js:2470:221)
    at progress (http://localhost:3000/_next/static/chunks/ddd51_next_dist_compiled_react-server-dom-turbopack_b56a6fc6._.js:2640:13) @ http://localhost:3000/_next/static/chunks/ddd51_next_dist_c882c940._.js:3127
[   40729ms] [ERROR] %o

%s Error: ErrorEvent
    at resolveErrorDev (http://localhost:3000/_next/static/chunks/ddd51_next_dist_compiled_react-server-dom-turbopack_b56a6fc6._.js:1894:148)
    at processFullStringRow (http://localhost:3000/_next/static/chunks/ddd51_next_dist_compiled_react-server-dom-turbopack_b56a6fc6._.js:2402:29)
    at processFullBinaryRow (http://localhost:3000/_next/static/chunks/ddd51_next_dist_compiled_react-server-dom-turbopack_b56a6fc6._.js:2361:9)
    at processBinaryChunk (http://localhost:3000/_next/static/chunks/ddd51_next_dist_compiled_react-server-dom-turbopack_b56a6fc6._.js:2470:221)
    at progress (http://localhost:3000/_next/static/chunks/ddd51_next_dist_compiled_react-server-dom-turbopack_b56a6fc6._.js:2640:13) The above error occurred in the <LeadsPage> component. It was handled by the <ErrorBoundaryHandler> error boundary. @ http://localhost:3000/_next/static/chunks/ddd51_next_dist_client_004b7a95._.js:1342
[   40729ms] [ERROR] Error: ErrorEvent
    at resolveErrorDev (http://localhost:3000/_next/static/chunks/ddd51_next_dist_compiled_react-server-dom-turbopack_b56a6fc6._.js:1894:148)
    at processFullStringRow (http://localhost:3000/_next/static/chunks/ddd51_next_dist_compiled_react-server-dom-turbopack_b56a6fc6._.js:2402:29)
    at processFullBinaryRow (http://localhost:3000/_next/static/chunks/ddd51_next_dist_compiled_react-server-dom-turbopack_b56a6fc6._.js:2361:9)
    at processBinaryChunk (http://localhost:3000/_next/static/chunks/ddd51_next_dist_compiled_react-server-dom-turbopack_b56a6fc6._.js:2470:221)
    at progress (http://localhost:3000/_next/static/chunks/ddd51_next_dist_compiled_react-server-dom-turbopack_b56a6fc6._.js:2640:13) @ http://localhost:3000/_next/static/chunks/ddd51_next_dist_c882c940._.js:3127
[   40730ms] [ERROR] Error: ErrorEvent
    at resolveErrorDev (http://localhost:3000/_next/static/chunks/ddd51_next_dist_compiled_react-server-dom-turbopack_b56a6fc6._.js:1894:148)
    at processFullStringRow (http://localhost:3000/_next/static/chunks/ddd51_next_dist_compiled_react-server-dom-turbopack_b56a6fc6._.js:2402:29)
    at processFullBinaryRow (http://localhost:3000/_next/static/chunks/ddd51_next_dist_compiled_react-server-dom-turbopack_b56a6fc6._.js:2361:9)
    at processBinaryChunk (http://localhost:3000/_next/static/chunks/ddd51_next_dist_compiled_react-server-dom-turbopack_b56a6fc6._.js:2470:221)
    at progress (http://localhost:3000/_next/static/chunks/ddd51_next_dist_compiled_react-server-dom-turbopack_b56a6fc6._.js:2640:13) @ http://localhost:3000/_next/static/chunks/ddd51_next_dist_c882c940._.js:3127
[   40865ms] [ERROR] %o

%s Error: ErrorEvent
    at resolveErrorDev (http://localhost:3000/_next/static/chunks/ddd51_next_dist_compiled_react-server-dom-turbopack_b56a6fc6._.js:1894:148)
    at processFullStringRow (http://localhost:3000/_next/static/chunks/ddd51_next_dist_compiled_react-server-dom-turbopack_b56a6fc6._.js:2402:29)
    at processFullBinaryRow (http://localhost:3000/_next/static/chunks/ddd51_next_dist_compiled_react-server-dom-turbopack_b56a6fc6._.js:2361:9)
    at processBinaryChunk (http://localhost:3000/_next/static/chunks/ddd51_next_dist_compiled_react-server-dom-turbopack_b56a6fc6._.js:2470:221)
    at progress (http://localhost:3000/_next/static/chunks/ddd51_next_dist_compiled_react-server-dom-turbopack_b56a6fc6._.js:2640:13) The above error occurred in the <LeadsPage> component. It was handled by the <ErrorBoundaryHandler> error boundary. @ http://localhost:3000/_next/static/chunks/ddd51_next_dist_client_004b7a95._.js:1342
[   40865ms] [ERROR] Error: ErrorEvent
    at resolveErrorDev (http://localhost:3000/_next/static/chunks/ddd51_next_dist_compiled_react-server-dom-turbopack_b56a6fc6._.js:1894:148)
    at processFullStringRow (http://localhost:3000/_next/static/chunks/ddd51_next_dist_compiled_react-server-dom-turbopack_b56a6fc6._.js:2402:29)
    at processFullBinaryRow (http://localhost:3000/_next/static/chunks/ddd51_next_dist_compiled_react-server-dom-turbopack_b56a6fc6._.js:2361:9)
    at processBinaryChunk (http://localhost:3000/_next/static/chunks/ddd51_next_dist_compiled_react-server-dom-turbopack_b56a6fc6._.js:2470:221)
    at progress (http://localhost:3000/_next/static/chunks/ddd51_next_dist_compiled_react-server-dom-turbopack_b56a6fc6._.js:2640:13) @ http://localhost:3000/_next/static/chunks/ddd51_next_dist_c882c940._.js:3127
[   40866ms] [ERROR] Error: ErrorEvent
    at resolveErrorDev (http://localhost:3000/_next/static/chunks/ddd51_next_dist_compiled_react-server-dom-turbopack_b56a6fc6._.js:1894:148)
    at processFullStringRow (http://localhost:3000/_next/static/chunks/ddd51_next_dist_compiled_react-server-dom-turbopack_b56a6fc6._.js:2402:29)
    at processFullBinaryRow (http://localhost:3000/_next/static/chunks/ddd51_next_dist_compiled_react-server-dom-turbopack_b56a6fc6._.js:2361:9)
    at processBinaryChunk (http://localhost:3000/_next/static/chunks/ddd51_next_dist_compiled_react-server-dom-turbopack_b56a6fc6._.js:2470:221)
    at progress (http://localhost:3000/_next/static/chunks/ddd51_next_dist_compiled_react-server-dom-turbopack_b56a6fc6._.js:2640:13) @ http://localhost:3000/_next/static/chunks/ddd51_next_dist_c882c940._.js:3127
[   41001ms] [ERROR] %o

%s Error: ErrorEvent
    at resolveErrorDev (http://localhost:3000/_next/static/chunks/ddd51_next_dist_compiled_react-server-dom-turbopack_b56a6fc6._.js:1894:148)
    at processFullStringRow (http://localhost:3000/_next/static/chunks/ddd51_next_dist_compiled_react-server-dom-turbopack_b56a6fc6._.js:2402:29)
    at processFullBinaryRow (http://localhost:3000/_next/static/chunks/ddd51_next_dist_compiled_react-server-dom-turbopack_b56a6fc6._.js:2361:9)
    at processBinaryChunk (http://localhost:3000/_next/static/chunks/ddd51_next_dist_compiled_react-server-dom-turbopack_b56a6fc6._.js:2470:221)
    at progress (http://localhost:3000/_next/static/chunks/ddd51_next_dist_compiled_react-server-dom-turbopack_b56a6fc6._.js:2640:13) The above error occurred in the <LeadsPage> component. It was handled by the <ErrorBoundaryHandler> error boundary. @ http://localhost:3000/_next/static/chunks/ddd51_next_dist_client_004b7a95._.js:1342
[   41002ms] [ERROR] Error: ErrorEvent
    at resolveErrorDev (http://localhost:3000/_next/static/chunks/ddd51_next_dist_compiled_react-server-dom-turbopack_b56a6fc6._.js:1894:148)
    at processFullStringRow (http://localhost:3000/_next/static/chunks/ddd51_next_dist_compiled_react-server-dom-turbopack_b56a6fc6._.js:2402:29)
    at processFullBinaryRow (http://localhost:3000/_next/static/chunks/ddd51_next_dist_compiled_react-server-dom-turbopack_b56a6fc6._.js:2361:9)
    at processBinaryChunk (http://localhost:3000/_next/static/chunks/ddd51_next_dist_compiled_react-server-dom-turbopack_b56a6fc6._.js:2470:221)
    at progress (http://localhost:3000/_next/static/chunks/ddd51_next_dist_compiled_react-server-dom-turbopack_b56a6fc6._.js:2640:13) @ http://localhost:3000/_next/static/chunks/ddd51_next_dist_c882c940._.js:3127
[   41002ms] [ERROR] Error: ErrorEvent
    at resolveErrorDev (http://localhost:3000/_next/static/chunks/ddd51_next_dist_compiled_react-server-dom-turbopack_b56a6fc6._.js:1894:148)
    at processFullStringRow (http://localhost:3000/_next/static/chunks/ddd51_next_dist_compiled_react-server-dom-turbopack_b56a6fc6._.js:2402:29)
    at processFullBinaryRow (http://localhost:3000/_next/static/chunks/ddd51_next_dist_compiled_react-server-dom-turbopack_b56a6fc6._.js:2361:9)
    at processBinaryChunk (http://localhost:3000/_next/static/chunks/ddd51_next_dist_compiled_react-server-dom-turbopack_b56a6fc6._.js:2470:221)
    at progress (http://localhost:3000/_next/static/chunks/ddd51_next_dist_compiled_react-server-dom-turbopack_b56a6fc6._.js:2640:13) @ http://localhost:3000/_next/static/chunks/ddd51_next_dist_c882c940._.js:3127
[   41136ms] [ERROR] %o

%s Error: ErrorEvent
    at resolveErrorDev (http://localhost:3000/_next/static/chunks/ddd51_next_dist_compiled_react-server-dom-turbopack_b56a6fc6._.js:1894:148)
    at processFullStringRow (http://localhost:3000/_next/static/chunks/ddd51_next_dist_compiled_react-server-dom-turbopack_b56a6fc6._.js:2402:29)
    at processFullBinaryRow (http://localhost:3000/_next/static/chunks/ddd51_next_dist_compiled_react-server-dom-turbopack_b56a6fc6._.js:2361:9)
    at processBinaryChunk (http://localhost:3000/_next/static/chunks/ddd51_next_dist_compiled_react-server-dom-turbopack_b56a6fc6._.js:2470:221)
    at progress (http://localhost:3000/_next/static/chunks/ddd51_next_dist_compiled_react-server-dom-turbopack_b56a6fc6._.js:2640:13) The above error occurred in the <LeadsPage> component. It was handled by the <ErrorBoundaryHandler> error boundary. @ http://localhost:3000/_next/static/chunks/ddd51_next_dist_client_004b7a95._.js:1342
[   41137ms] [ERROR] Error: ErrorEvent
    at resolveErrorDev (http://localhost:3000/_next/static/chunks/ddd51_next_dist_compiled_react-server-dom-turbopack_b56a6fc6._.js:1894:148)
    at processFullStringRow (http://localhost:3000/_next/static/chunks/ddd51_next_dist_compiled_react-server-dom-turbopack_b56a6fc6._.js:2402:29)
    at processFullBinaryRow (http://localhost:3000/_next/static/chunks/ddd51_next_dist_compiled_react-server-dom-turbopack_b56a6fc6._.js:2361:9)
    at processBinaryChunk (http://localhost:3000/_next/static/chunks/ddd51_next_dist_compiled_react-server-dom-turbopack_b56a6fc6._.js:2470:221)
    at progress (http://localhost:3000/_next/static/chunks/ddd51_next_dist_compiled_react-server-dom-turbopack_b56a6fc6._.js:2640:13) @ http://localhost:3000/_next/static/chunks/ddd51_next_dist_c882c940._.js:3127
[   41137ms] [ERROR] Error: ErrorEvent
    at resolveErrorDev (http://localhost:3000/_next/static/chunks/ddd51_next_dist_compiled_react-server-dom-turbopack_b56a6fc6._.js:1894:148)
    at processFullStringRow (http://localhost:3000/_next/static/chunks/ddd51_next_dist_compiled_react-server-dom-turbopack_b56a6fc6._.js:2402:29)
    at processFullBinaryRow (http://localhost:3000/_next/static/chunks/ddd51_next_dist_compiled_react-server-dom-turbopack_b56a6fc6._.js:2361:9)
    at processBinaryChunk (http://localhost:3000/_next/static/chunks/ddd51_next_dist_compiled_react-server-dom-turbopack_b56a6fc6._.js:2470:221)
    at progress (http://localhost:3000/_next/static/chunks/ddd51_next_dist_compiled_react-server-dom-turbopack_b56a6fc6._.js:2640:13) @ http://localhost:3000/_next/static/chunks/ddd51_next_dist_c882c940._.js:3127
