[  302674ms] [WARNING] [HMR] Invalid message: {"isTrusted":true}
TypeError: Cannot convert undefined or null to object
    at Object.keys (<anonymous>)
    at extractModulesFromTurbopackMessage (http://localhost:3000/_next/static/chunks/ddd51_next_dist_client_004b7a95._.js:11210:39)
    at TurbopackHmr.onTurbopackMessage (http://localhost:3000/_next/static/chunks/ddd51_next_dist_client_004b7a95._.js:11157:32)
    at processMessage (http://localhost:3000/_next/static/chunks/ddd51_next_dist_client_004b7a95._.js:11589:30)
    at WebSocket.handleMessage (http://localhost:3000/_next/static/chunks/ddd51_next_dist_client_004b7a95._.js:10914:52) @ http://localhost:3000/_next/static/chunks/ddd51_next_dist_c882c940._.js:2297
[  314031ms] [ERROR] Failed to load resource: the server responded with a status of 500 (Internal Server Error) @ http://localhost:3000/scraping:0
[  314263ms] Error: ErrorEvent
    at resolveErrorDev (http://localhost:3000/_next/static/chunks/ddd51_next_dist_compiled_react-server-dom-turbopack_b56a6fc6._.js:1894:148)
    at processFullStringRow (http://localhost:3000/_next/static/chunks/ddd51_next_dist_compiled_react-server-dom-turbopack_b56a6fc6._.js:2402:29)
    at processFullBinaryRow (http://localhost:3000/_next/static/chunks/ddd51_next_dist_compiled_react-server-dom-turbopack_b56a6fc6._.js:2361:9)
    at processBinaryChunk (http://localhost:3000/_next/static/chunks/ddd51_next_dist_compiled_react-server-dom-turbopack_b56a6fc6._.js:2470:221)
    at progress (http://localhost:3000/_next/static/chunks/ddd51_next_dist_compiled_react-server-dom-turbopack_b56a6fc6._.js:2640:13)
[  317311ms] [WARNING] The resource http://localhost:3000/_next/static/chunks/%5Broot-of-the-server%5D__6b6e2b5d._.css was preloaded using link preload but not used within a few seconds from the window's load event. Please make sure it has an appropriate `as` value and it is preloaded intentionally. @ http://localhost:3000/scraping:0
[  322191ms] [WARNING] The resource http://localhost:3000/_next/static/chunks/%5Broot-of-the-server%5D__6b6e2b5d._.css was preloaded using link preload but not used within a few seconds from the window's load event. Please make sure it has an appropriate `as` value and it is preloaded intentionally. @ http://localhost:3000/scraping:0
[  330750ms] [ERROR] Failed to load resource: the server responded with a status of 500 (Internal Server Error) @ http://localhost:3000/scraping:0
[  330774ms] Error: ErrorEvent
    at resolveErrorDev (http://localhost:3000/_next/static/chunks/ddd51_next_dist_compiled_react-server-dom-turbopack_b56a6fc6._.js:1894:106)
    at processFullStringRow (http://localhost:3000/_next/static/chunks/ddd51_next_dist_compiled_react-server-dom-turbopack_b56a6fc6._.js:2402:29)
    at processFullBinaryRow (http://localhost:3000/_next/static/chunks/ddd51_next_dist_compiled_react-server-dom-turbopack_b56a6fc6._.js:2361:9)
    at processBinaryChunk (http://localhost:3000/_next/static/chunks/ddd51_next_dist_compiled_react-server-dom-turbopack_b56a6fc6._.js:2470:221)
    at progress (http://localhost:3000/_next/static/chunks/ddd51_next_dist_compiled_react-server-dom-turbopack_b56a6fc6._.js:2640:13)
[  341927ms] [ERROR] Failed to load resource: the server responded with a status of 500 (Internal Server Error) @ http://localhost:3000/scraping:0
[  341927ms] Error: ErrorEvent
    at resolveErrorDev (http://localhost:3000/_next/static/chunks/ddd51_next_dist_compiled_react-server-dom-turbopack_b56a6fc6._.js:1894:106)
    at processFullStringRow (http://localhost:3000/_next/static/chunks/ddd51_next_dist_compiled_react-server-dom-turbopack_b56a6fc6._.js:2402:29)
    at processFullBinaryRow (http://localhost:3000/_next/static/chunks/ddd51_next_dist_compiled_react-server-dom-turbopack_b56a6fc6._.js:2361:9)
    at processBinaryChunk (http://localhost:3000/_next/static/chunks/ddd51_next_dist_compiled_react-server-dom-turbopack_b56a6fc6._.js:2470:221)
    at progress (http://localhost:3000/_next/static/chunks/ddd51_next_dist_compiled_react-server-dom-turbopack_b56a6fc6._.js:2640:13)
[  343306ms] [ERROR] Failed to load resource: the server responded with a status of 404 (Not Found) @ http://localhost:3000/scraping/8898b808-28b6-478d-a116-854a67024003:0
[  344001ms] [ERROR] Failed to load resource: the server responded with a status of 500 (Internal Server Error) @ http://localhost:3000/scraping/8898b808-28b6-478d-a116-854a67024003:0
[  344007ms] Error: ErrorEvent
    at resolveErrorDev (http://localhost:3000/_next/static/chunks/ddd51_next_dist_compiled_react-server-dom-turbopack_b56a6fc6._.js:1894:106)
    at processFullStringRow (http://localhost:3000/_next/static/chunks/ddd51_next_dist_compiled_react-server-dom-turbopack_b56a6fc6._.js:2402:29)
    at processFullBinaryRow (http://localhost:3000/_next/static/chunks/ddd51_next_dist_compiled_react-server-dom-turbopack_b56a6fc6._.js:2361:9)
    at processBinaryChunk (http://localhost:3000/_next/static/chunks/ddd51_next_dist_compiled_react-server-dom-turbopack_b56a6fc6._.js:2470:221)
    at progress (http://localhost:3000/_next/static/chunks/ddd51_next_dist_compiled_react-server-dom-turbopack_b56a6fc6._.js:2640:13)
[  346167ms] Error: ErrorEvent
    at resolveErrorDev (http://localhost:3000/_next/static/chunks/ddd51_next_dist_compiled_react-server-dom-turbopack_b56a6fc6._.js:1894:148)
    at processFullStringRow (http://localhost:3000/_next/static/chunks/ddd51_next_dist_compiled_react-server-dom-turbopack_b56a6fc6._.js:2402:29)
    at processFullBinaryRow (http://localhost:3000/_next/static/chunks/ddd51_next_dist_compiled_react-server-dom-turbopack_b56a6fc6._.js:2361:9)
    at processBinaryChunk (http://localhost:3000/_next/static/chunks/ddd51_next_dist_compiled_react-server-dom-turbopack_b56a6fc6._.js:2470:221)
    at progress (http://localhost:3000/_next/static/chunks/ddd51_next_dist_compiled_react-server-dom-turbopack_b56a6fc6._.js:2640:13)
[  457767ms] [ERROR] Failed to load resource: the server responded with a status of 500 (Internal Server Error) @ http://localhost:3000/scraping:0
[  457933ms] Error: ErrorEvent
    at resolveErrorDev (http://localhost:3000/_next/static/chunks/ddd51_next_dist_compiled_react-server-dom-turbopack_b56a6fc6._.js:1894:148)
    at processFullStringRow (http://localhost:3000/_next/static/chunks/ddd51_next_dist_compiled_react-server-dom-turbopack_b56a6fc6._.js:2402:29)
    at processFullBinaryRow (http://localhost:3000/_next/static/chunks/ddd51_next_dist_compiled_react-server-dom-turbopack_b56a6fc6._.js:2361:9)
    at processBinaryChunk (http://localhost:3000/_next/static/chunks/ddd51_next_dist_compiled_react-server-dom-turbopack_b56a6fc6._.js:2470:221)
    at progress (http://localhost:3000/_next/static/chunks/ddd51_next_dist_compiled_react-server-dom-turbopack_b56a6fc6._.js:2640:13)
[  460951ms] [WARNING] The resource http://localhost:3000/_next/static/chunks/%5Broot-of-the-server%5D__6b6e2b5d._.css was preloaded using link preload but not used within a few seconds from the window's load event. Please make sure it has an appropriate `as` value and it is preloaded intentionally. @ http://localhost:3000/scraping:0
[  518916ms] [ERROR] Failed to load resource: the server responded with a status of 500 (Internal Server Error) @ http://localhost:3000/api/scraping/jobs/8898b808-28b6-478d-a116-854a67024003:0
[  717117ms] [ERROR] %o

%s Error: ErrorEvent
    at resolveErrorDev (http://localhost:3000/_next/static/chunks/ddd51_next_dist_compiled_react-server-dom-turbopack_b56a6fc6._.js:1894:148)
    at processFullStringRow (http://localhost:3000/_next/static/chunks/ddd51_next_dist_compiled_react-server-dom-turbopack_b56a6fc6._.js:2402:29)
    at processFullBinaryRow (http://localhost:3000/_next/static/chunks/ddd51_next_dist_compiled_react-server-dom-turbopack_b56a6fc6._.js:2361:9)
    at processBinaryChunk (http://localhost:3000/_next/static/chunks/ddd51_next_dist_compiled_react-server-dom-turbopack_b56a6fc6._.js:2470:221)
    at progress (http://localhost:3000/_next/static/chunks/ddd51_next_dist_compiled_react-server-dom-turbopack_b56a6fc6._.js:2640:13) The above error occurred in the <LeadsPage> component. It was handled by the <ErrorBoundaryHandler> error boundary. @ http://localhost:3000/_next/static/chunks/ddd51_next_dist_client_004b7a95._.js:1342
[  717121ms] [ERROR] Error: ErrorEvent
    at resolveErrorDev (http://localhost:3000/_next/static/chunks/ddd51_next_dist_compiled_react-server-dom-turbopack_b56a6fc6._.js:1894:148)
    at processFullStringRow (http://localhost:3000/_next/static/chunks/ddd51_next_dist_compiled_react-server-dom-turbopack_b56a6fc6._.js:2402:29)
    at processFullBinaryRow (http://localhost:3000/_next/static/chunks/ddd51_next_dist_compiled_react-server-dom-turbopack_b56a6fc6._.js:2361:9)
    at processBinaryChunk (http://localhost:3000/_next/static/chunks/ddd51_next_dist_compiled_react-server-dom-turbopack_b56a6fc6._.js:2470:221)
    at progress (http://localhost:3000/_next/static/chunks/ddd51_next_dist_compiled_react-server-dom-turbopack_b56a6fc6._.js:2640:13) @ http://localhost:3000/_next/static/chunks/ddd51_next_dist_c882c940._.js:3127
[  717122ms] [ERROR] Error: ErrorEvent
    at resolveErrorDev (http://localhost:3000/_next/static/chunks/ddd51_next_dist_compiled_react-server-dom-turbopack_b56a6fc6._.js:1894:148)
    at processFullStringRow (http://localhost:3000/_next/static/chunks/ddd51_next_dist_compiled_react-server-dom-turbopack_b56a6fc6._.js:2402:29)
    at processFullBinaryRow (http://localhost:3000/_next/static/chunks/ddd51_next_dist_compiled_react-server-dom-turbopack_b56a6fc6._.js:2361:9)
    at processBinaryChunk (http://localhost:3000/_next/static/chunks/ddd51_next_dist_compiled_react-server-dom-turbopack_b56a6fc6._.js:2470:221)
    at progress (http://localhost:3000/_next/static/chunks/ddd51_next_dist_compiled_react-server-dom-turbopack_b56a6fc6._.js:2640:13) @ http://localhost:3000/_next/static/chunks/ddd51_next_dist_c882c940._.js:3127
[  763670ms] [ERROR] %o

%s Error: ErrorEvent
    at resolveErrorDev (http://localhost:3000/_next/static/chunks/ddd51_next_dist_compiled_react-server-dom-turbopack_b56a6fc6._.js:1894:148)
    at processFullStringRow (http://localhost:3000/_next/static/chunks/ddd51_next_dist_compiled_react-server-dom-turbopack_b56a6fc6._.js:2402:29)
    at processFullBinaryRow (http://localhost:3000/_next/static/chunks/ddd51_next_dist_compiled_react-server-dom-turbopack_b56a6fc6._.js:2361:9)
    at processBinaryChunk (http://localhost:3000/_next/static/chunks/ddd51_next_dist_compiled_react-server-dom-turbopack_b56a6fc6._.js:2470:221)
    at progress (http://localhost:3000/_next/static/chunks/ddd51_next_dist_compiled_react-server-dom-turbopack_b56a6fc6._.js:2640:13) The above error occurred in the <SpecialistDashboard> component. It was handled by the <ErrorBoundaryHandler> error boundary. @ http://localhost:3000/_next/static/chunks/ddd51_next_dist_client_004b7a95._.js:1342
[  763679ms] [ERROR] Error: ErrorEvent
    at resolveErrorDev (http://localhost:3000/_next/static/chunks/ddd51_next_dist_compiled_react-server-dom-turbopack_b56a6fc6._.js:1894:148)
    at processFullStringRow (http://localhost:3000/_next/static/chunks/ddd51_next_dist_compiled_react-server-dom-turbopack_b56a6fc6._.js:2402:29)
    at processFullBinaryRow (http://localhost:3000/_next/static/chunks/ddd51_next_dist_compiled_react-server-dom-turbopack_b56a6fc6._.js:2361:9)
    at processBinaryChunk (http://localhost:3000/_next/static/chunks/ddd51_next_dist_compiled_react-server-dom-turbopack_b56a6fc6._.js:2470:221)
    at progress (http://localhost:3000/_next/static/chunks/ddd51_next_dist_compiled_react-server-dom-turbopack_b56a6fc6._.js:2640:13) @ http://localhost:3000/_next/static/chunks/ddd51_next_dist_c882c940._.js:3127
[  763681ms] [ERROR] Error: ErrorEvent
    at resolveErrorDev (http://localhost:3000/_next/static/chunks/ddd51_next_dist_compiled_react-server-dom-turbopack_b56a6fc6._.js:1894:148)
    at processFullStringRow (http://localhost:3000/_next/static/chunks/ddd51_next_dist_compiled_react-server-dom-turbopack_b56a6fc6._.js:2402:29)
    at processFullBinaryRow (http://localhost:3000/_next/static/chunks/ddd51_next_dist_compiled_react-server-dom-turbopack_b56a6fc6._.js:2361:9)
    at processBinaryChunk (http://localhost:3000/_next/static/chunks/ddd51_next_dist_compiled_react-server-dom-turbopack_b56a6fc6._.js:2470:221)
    at progress (http://localhost:3000/_next/static/chunks/ddd51_next_dist_compiled_react-server-dom-turbopack_b56a6fc6._.js:2640:13) @ http://localhost:3000/_next/static/chunks/ddd51_next_dist_c882c940._.js:3127
[ 1115033ms] [ERROR] Failed to load resource: the server responded with a status of 500 (Internal Server Error) @ http://localhost:3000/scraping:0
[ 1301471ms] [ERROR] Failed to load resource: the server responded with a status of 500 (Internal Server Error) @ http://localhost:3000/scraping:0
[ 1312262ms] [ERROR] Failed to load resource: the server responded with a status of 500 (Internal Server Error) @ http://localhost:3000/scraping:0
[ 1700247ms] [ERROR] Failed to load resource: the server responded with a status of 500 (Internal Server Error) @ http://localhost:3000/scraping:0
[ 1710976ms] [ERROR] Failed to load resource: the server responded with a status of 500 (Internal Server Error) @ http://localhost:3000/scraping:0
[ 1722306ms] [ERROR] Failed to load resource: the server responded with a status of 500 (Internal Server Error) @ http://localhost:3000/scraping:0
[ 1722308ms] Error: ErrorEvent
    at resolveErrorDev (http://localhost:3000/_next/static/chunks/ddd51_next_dist_compiled_react-server-dom-turbopack_b56a6fc6._.js:1894:106)
    at processFullStringRow (http://localhost:3000/_next/static/chunks/ddd51_next_dist_compiled_react-server-dom-turbopack_b56a6fc6._.js:2402:29)
    at processFullBinaryRow (http://localhost:3000/_next/static/chunks/ddd51_next_dist_compiled_react-server-dom-turbopack_b56a6fc6._.js:2361:9)
    at processBinaryChunk (http://localhost:3000/_next/static/chunks/ddd51_next_dist_compiled_react-server-dom-turbopack_b56a6fc6._.js:2470:221)
    at progress (http://localhost:3000/_next/static/chunks/ddd51_next_dist_compiled_react-server-dom-turbopack_b56a6fc6._.js:2640:13)
[ 1743759ms] [ERROR] Failed to load resource: the server responded with a status of 500 (Internal Server Error) @ http://localhost:3000/scraping:0
[ 1743762ms] Error: ErrorEvent
    at resolveErrorDev (http://localhost:3000/_next/static/chunks/ddd51_next_dist_compiled_react-server-dom-turbopack_b56a6fc6._.js:1894:106)
    at processFullStringRow (http://localhost:3000/_next/static/chunks/ddd51_next_dist_compiled_react-server-dom-turbopack_b56a6fc6._.js:2402:29)
    at processFullBinaryRow (http://localhost:3000/_next/static/chunks/ddd51_next_dist_compiled_react-server-dom-turbopack_b56a6fc6._.js:2361:9)
    at processBinaryChunk (http://localhost:3000/_next/static/chunks/ddd51_next_dist_compiled_react-server-dom-turbopack_b56a6fc6._.js:2470:221)
    at progress (http://localhost:3000/_next/static/chunks/ddd51_next_dist_compiled_react-server-dom-turbopack_b56a6fc6._.js:2640:13)
[ 1846962ms] [ERROR] %o

%s Error: ErrorEvent
    at resolveErrorDev (http://localhost:3000/_next/static/chunks/ddd51_next_dist_compiled_react-server-dom-turbopack_b56a6fc6._.js:1894:148)
    at processFullStringRow (http://localhost:3000/_next/static/chunks/ddd51_next_dist_compiled_react-server-dom-turbopack_b56a6fc6._.js:2402:29)
    at processFullBinaryRow (http://localhost:3000/_next/static/chunks/ddd51_next_dist_compiled_react-server-dom-turbopack_b56a6fc6._.js:2361:9)
    at processBinaryChunk (http://localhost:3000/_next/static/chunks/ddd51_next_dist_compiled_react-server-dom-turbopack_b56a6fc6._.js:2470:221)
    at progress (http://localhost:3000/_next/static/chunks/ddd51_next_dist_compiled_react-server-dom-turbopack_b56a6fc6._.js:2640:13) The above error occurred in the <LeadsPage> component. It was handled by the <ErrorBoundaryHandler> error boundary. @ http://localhost:3000/_next/static/chunks/ddd51_next_dist_client_004b7a95._.js:1342
[ 1846965ms] [ERROR] Error: ErrorEvent
    at resolveErrorDev (http://localhost:3000/_next/static/chunks/ddd51_next_dist_compiled_react-server-dom-turbopack_b56a6fc6._.js:1894:148)
    at processFullStringRow (http://localhost:3000/_next/static/chunks/ddd51_next_dist_compiled_react-server-dom-turbopack_b56a6fc6._.js:2402:29)
    at processFullBinaryRow (http://localhost:3000/_next/static/chunks/ddd51_next_dist_compiled_react-server-dom-turbopack_b56a6fc6._.js:2361:9)
    at processBinaryChunk (http://localhost:3000/_next/static/chunks/ddd51_next_dist_compiled_react-server-dom-turbopack_b56a6fc6._.js:2470:221)
    at progress (http://localhost:3000/_next/static/chunks/ddd51_next_dist_compiled_react-server-dom-turbopack_b56a6fc6._.js:2640:13) @ http://localhost:3000/_next/static/chunks/ddd51_next_dist_c882c940._.js:3127
[ 1846966ms] [ERROR] Error: ErrorEvent
    at resolveErrorDev (http://localhost:3000/_next/static/chunks/ddd51_next_dist_compiled_react-server-dom-turbopack_b56a6fc6._.js:1894:148)
    at processFullStringRow (http://localhost:3000/_next/static/chunks/ddd51_next_dist_compiled_react-server-dom-turbopack_b56a6fc6._.js:2402:29)
    at processFullBinaryRow (http://localhost:3000/_next/static/chunks/ddd51_next_dist_compiled_react-server-dom-turbopack_b56a6fc6._.js:2361:9)
    at processBinaryChunk (http://localhost:3000/_next/static/chunks/ddd51_next_dist_compiled_react-server-dom-turbopack_b56a6fc6._.js:2470:221)
    at progress (http://localhost:3000/_next/static/chunks/ddd51_next_dist_compiled_react-server-dom-turbopack_b56a6fc6._.js:2640:13) @ http://localhost:3000/_next/static/chunks/ddd51_next_dist_c882c940._.js:3127
