[     394ms] [WARNING] The width(-1) and height(-1) of chart should be greater than 0,
       please check the style of container, or the props width(100%) and height(100%),
       or add a minWidth(0) or minHeight(undefined) or use aspect(undefined) to control the
       height and width. @ https://zenith-dashboard.pages.dev/_next/static/chunks/7548-4913da6e0f0e4cf3.js:0
[     395ms] [WARNING] The width(-1) and height(-1) of chart should be greater than 0,
       please check the style of container, or the props width(100%) and height(100%),
       or add a minWidth(0) or minHeight(undefined) or use aspect(undefined) to control the
       height and width. @ https://zenith-dashboard.pages.dev/_next/static/chunks/7548-4913da6e0f0e4cf3.js:0
[     395ms] [WARNING] The width(-1) and height(-1) of chart should be greater than 0,
       please check the style of container, or the props width(100%) and height(100%),
       or add a minWidth(0) or minHeight(undefined) or use aspect(undefined) to control the
       height and width. @ https://zenith-dashboard.pages.dev/_next/static/chunks/7548-4913da6e0f0e4cf3.js:0
[     395ms] [WARNING] The width(-1) and height(-1) of chart should be greater than 0,
       please check the style of container, or the props width(100%) and height(100%),
       or add a minWidth(0) or minHeight(undefined) or use aspect(undefined) to control the
       height and width. @ https://zenith-dashboard.pages.dev/_next/static/chunks/7548-4913da6e0f0e4cf3.js:0
[     406ms] [WARNING] The width(-1) and height(-1) of chart should be greater than 0,
       please check the style of container, or the props width(100%) and height(100%),
       or add a minWidth(0) or minHeight(undefined) or use aspect(undefined) to control the
       height and width. @ https://zenith-dashboard.pages.dev/_next/static/chunks/7548-4913da6e0f0e4cf3.js:0
[    4496ms] [WARNING] The resource https://zenith-dashboard.pages.dev/_next/static/css/bdc8353fadd67def.css was preloaded using link preload but not used within a few seconds from the window's load event. Please make sure it has an appropriate `as` value and it is preloaded intentionally. @ https://zenith-dashboard.pages.dev/dashboard:0
[  221784ms] [WARNING] The resource https://zenith-dashboard.pages.dev/_next/static/css/0ba5c1956fff4289.css was preloaded using link preload but not used within a few seconds from the window's load event. Please make sure it has an appropriate `as` value and it is preloaded intentionally. @ https://zenith-dashboard.pages.dev/dashboard:0
[  221784ms] [WARNING] The resource https://zenith-dashboard.pages.dev/_next/static/css/bdc8353fadd67def.css was preloaded using link preload but not used within a few seconds from the window's load event. Please make sure it has an appropriate `as` value and it is preloaded intentionally. @ https://zenith-dashboard.pages.dev/dashboard:0
[  226907ms] [WARNING] The resource https://zenith-dashboard.pages.dev/_next/static/css/0ba5c1956fff4289.css was preloaded using link preload but not used within a few seconds from the window's load event. Please make sure it has an appropriate `as` value and it is preloaded intentionally. @ https://zenith-dashboard.pages.dev/kanban:0
[  226907ms] [WARNING] The resource https://zenith-dashboard.pages.dev/_next/static/css/bdc8353fadd67def.css was preloaded using link preload but not used within a few seconds from the window's load event. Please make sure it has an appropriate `as` value and it is preloaded intentionally. @ https://zenith-dashboard.pages.dev/kanban:0
[  347038ms] [WARNING] The resource https://zenith-dashboard.pages.dev/_next/static/css/0ba5c1956fff4289.css was preloaded using link preload but not used within a few seconds from the window's load event. Please make sure it has an appropriate `as` value and it is preloaded intentionally. @ https://zenith-dashboard.pages.dev/kanban:0
[  347038ms] [WARNING] The resource https://zenith-dashboard.pages.dev/_next/static/css/bdc8353fadd67def.css was preloaded using link preload but not used within a few seconds from the window's load event. Please make sure it has an appropriate `as` value and it is preloaded intentionally. @ https://zenith-dashboard.pages.dev/kanban:0
[  382532ms] [WARNING] The resource https://zenith-dashboard.pages.dev/_next/static/css/0ba5c1956fff4289.css was preloaded using link preload but not used within a few seconds from the window's load event. Please make sure it has an appropriate `as` value and it is preloaded intentionally. @ https://zenith-dashboard.pages.dev/kanban:0
[  382532ms] [WARNING] The resource https://zenith-dashboard.pages.dev/_next/static/css/bdc8353fadd67def.css was preloaded using link preload but not used within a few seconds from the window's load event. Please make sure it has an appropriate `as` value and it is preloaded intentionally. @ https://zenith-dashboard.pages.dev/kanban:0
